0 info it worked if it ends with ok
1 verbose cli [ 'c:\\Program Files\\nodejs\\node.exe',
1 verbose cli   'C:\\Users\\tim\\AppData\\Roaming\\npm\\node_modules\\npm\\bin\\npm-cli.js',
1 verbose cli   'run',
1 verbose cli   'wpw' ]
2 info using npm@3.8.9
3 info using node@v7.7.1
4 verbose run-script [ 'prewpw', 'wpw', 'postwpw' ]
5 info lifecycle blank@1.0.0~prewpw: blank@1.0.0
6 silly lifecycle blank@1.0.0~prewpw: no script for prewpw, continuing
7 info lifecycle blank@1.0.0~wpw: blank@1.0.0
8 verbose lifecycle blank@1.0.0~wpw: unsafe-perm in lifecycle true
9 verbose lifecycle blank@1.0.0~wpw: PATH: C:\Users\tim\AppData\Roaming\npm\node_modules\npm\bin\node-gyp-bin;c:\wamp\www\spas\admin\node_modules\.bin;c:\Program Files\nodejs;c:\phantomjs\phantomjs.exe;c:\Users\tim\bin;.;C:\Program Files (x86)\Git\local\bin;C:\Program Files (x86)\Git\mingw\bin;C:\Program Files (x86)\Git\bin;c:\Program Files\ConEmu\ConEmu\Scripts;c:\Program Files\ConEmu;c:\Program Files\ConEmu\ConEmu;c:\phantomjs\bin;c:\ProgramData\Oracle\Java\javapath;c:\PYTHON27\;c:\PROGRAM FILES (X86)\HP SIMPLEPASS\X64;c:\PROGRAM FILES (X86)\HP SIMPLEPASS\;.;c:\PROGRAM FILES\BROADCOM\BROADCOM 802.11\DRIVER;c:\Windows\SYSTEM32;c:\Windows;c:\Windows\SYSTEM32\WBEM;c:\Windows\SYSTEM32\WINDOWSPOWERSHELL\V1.0\;C:\Program Files (x86)\Git\CMD;c:\PROGRAM FILES\CURL\BIN;c:\wamp\bin\php\php5.5.12;c:\android\adt\sdk\tools;c:\android\adt\sdk\platform-tools;c:\ant\bin;.;c:\Program Files (x86)\Intel\OpenCL SDK\2.0\bin\x86;c:\Program Files (x86)\Intel\OpenCL SDK\2.0\bin\x64;c:\PROGRAM FILES\PostgreSQL\9.4\bin;c:\Program Files (x86)\QuickTime\QTSystem\;c:\Program Files (x86)\Skype\Phone\;c:\Program Files\nodejs\;c:\Users\tim\Anaconda3;c:\Users\tim\Anaconda3\Scripts;c:\Users\tim\Anaconda3\Library\bin;c:\Ruby22\bin;c:\Ruby22\devkit\bin;c:\RailsInstaller\Ruby2.1.0\bin;c:\Users\tim\bashScripts;c:\android\adt\sdk\platform-tools;c:\wamp\bin\php\php5.5.12;c:\PROGRAM FILES\PostgreSQL\9.4\bin;c:\Program Files (x86)\Arduino\hardware\tools\avr\bin;c:\Program Files\Docker Toolbox;c:\Users\tim\AppData\Roaming\npm;c:\wamp\bin\php\php5.5.12;c:\wamp\bin\php\composer;c:\wamp\bin\mysql\mysql5.6.17\bin\;c:\wamp\www\sbdev0\node_modules\.bin;c:\Users\tim\Anaconda3\
10 verbose lifecycle blank@1.0.0~wpw: CWD: c:\wamp\www\spas\admin
11 silly lifecycle blank@1.0.0~wpw: Args: [ '/d /s /c',
11 silly lifecycle   'node ../node_modules/webpack/bin/webpack -w --config webpack.config.js' ]
12 silly lifecycle blank@1.0.0~wpw: Returned: code: 1  signal: null
13 info lifecycle blank@1.0.0~wpw: Failed to exec wpw script
14 verbose stack Error: blank@1.0.0 wpw: `node ../node_modules/webpack/bin/webpack -w --config webpack.config.js`
14 verbose stack Exit status 1
14 verbose stack     at EventEmitter.<anonymous> (C:\Users\tim\AppData\Roaming\npm\node_modules\npm\lib\utils\lifecycle.js:245:16)
14 verbose stack     at emitTwo (events.js:106:13)
14 verbose stack     at EventEmitter.emit (events.js:194:7)
14 verbose stack     at ChildProcess.<anonymous> (C:\Users\tim\AppData\Roaming\npm\node_modules\npm\lib\utils\spawn.js:24:14)
14 verbose stack     at emitTwo (events.js:106:13)
14 verbose stack     at ChildProcess.emit (events.js:194:7)
14 verbose stack     at maybeClose (internal/child_process.js:899:16)
14 verbose stack     at Process.ChildProcess._handle.onexit (internal/child_process.js:226:5)
15 verbose pkgid blank@1.0.0
16 verbose cwd c:\wamp\www\spas\admin
17 error Windows_NT 6.1.7601
18 error argv "c:\\Program Files\\nodejs\\node.exe" "C:\\Users\\tim\\AppData\\Roaming\\npm\\node_modules\\npm\\bin\\npm-cli.js" "run" "wpw"
19 error node v7.7.1
20 error npm  v3.8.9
21 error code ELIFECYCLE
22 error blank@1.0.0 wpw: `node ../node_modules/webpack/bin/webpack -w --config webpack.config.js`
22 error Exit status 1
23 error Failed at the blank@1.0.0 wpw script 'node ../node_modules/webpack/bin/webpack -w --config webpack.config.js'.
23 error Make sure you have the latest version of node.js and npm installed.
23 error If you do, this is most likely a problem with the blank package,
23 error not with npm itself.
23 error Tell the author that this fails on your system:
23 error     node ../node_modules/webpack/bin/webpack -w --config webpack.config.js
23 error You can get information on how to open an issue for this project with:
23 error     npm bugs blank
23 error Or if that isn't available, you can get their info via:
23 error     npm owner ls blank
23 error There is likely additional logging output above.
24 verbose exit [ 1, true ]
